<?xml version="1.0" encoding="UTF-8"?>
<!-- Generated by org.testng.reporters.JUnitReportReporter -->
<testsuite hostname="DESKTOP-5TH861C" failures="0" tests="2" name="testcases.Testcase1" time="39.858" errors="0" timestamp="2020-11-21T19:01:46 AEDT" skipped="0">
  <testcase classname="testcases.Testcase1" name="secondTestCase" time="19.732"/>
  <system-out/>
  <testcase classname="testcases.Testcase1" name="firstTestCase" time="20.126"/>
  <system-out/>
</testsuite> <!-- testcases.Testcase1 -->
