<?xml version="1.0" encoding="UTF-8"?>
<!-- Generated by org.testng.reporters.JUnitReportReporter -->
<testsuite hostname="DESKTOP-5TH861C" failures="0" tests="4" name="testcases.PlanetTestingTestScripts" time="74.543" errors="0" timestamp="2020-11-22T12:57:38 AEDT" skipped="0">
  <testcase classname="testcases.PlanetTestingTestScripts" name="secondTestCase" time="18.475"/>
  <system-out/>
  <testcase classname="testcases.PlanetTestingTestScripts" name="thirdTestCase" time="15.762"/>
  <system-out/>
  <testcase classname="testcases.PlanetTestingTestScripts" name="firstTestCase" time="18.308"/>
  <system-out/>
  <testcase classname="testcases.PlanetTestingTestScripts" name="fourthTestCase" time="21.998"/>
  <system-out/>
</testsuite> <!-- testcases.PlanetTestingTestScripts -->
